2023-02-23 11:45:16.881  INFO 9372 --- [restartedMain] c.pws.admin.PwsAdminServiceApplication   : Starting PwsAdminServiceApplication using Java 19.0.2 on DESKTOP-CCRJIGP with PID 9372 (C:\Users\LENOVO\Downloads\Admin-Employee-Websocket-ChatBox-main\Admin-Employee-Websocket-ChatBox-main\Admin-Service-using-JWT\target\classes started by LENOVO in C:\Users\LENOVO\Downloads\Admin-Employee-Websocket-ChatBox-main\Admin-Employee-Websocket-ChatBox-main\Admin-Service-using-JWT)
2023-02-23 11:45:16.897  INFO 9372 --- [restartedMain] c.pws.admin.PwsAdminServiceApplication   : No active profile set, falling back to 1 default profile: "default"
2023-02-23 11:45:16.998  INFO 9372 --- [restartedMain] .e.DevToolsPropertyDefaultsPostProcessor : Devtools property defaults active! Set 'spring.devtools.add-properties' to 'false' to disable
2023-02-23 11:45:16.999  INFO 9372 --- [restartedMain] .e.DevToolsPropertyDefaultsPostProcessor : For additional web related logging consider setting the 'logging.level.web' property to 'DEBUG'
2023-02-23 11:45:19.124  INFO 9372 --- [restartedMain] .s.d.r.c.RepositoryConfigurationDelegate : Bootstrapping Spring Data JPA repositories in DEFAULT mode.
2023-02-23 11:45:19.391  INFO 9372 --- [restartedMain] .s.d.r.c.RepositoryConfigurationDelegate : Finished Spring Data repository scanning in 253 ms. Found 6 JPA repository interfaces.
2023-02-23 11:45:19.893  INFO 9372 --- [restartedMain] o.s.cloud.context.scope.GenericScope     : BeanFactory id=98e1821f-5106-300f-a097-ffb8a632acd0
2023-02-23 11:45:20.210  INFO 9372 --- [restartedMain] trationDelegate$BeanPostProcessorChecker : Bean 'org.springframework.cloud.client.loadbalancer.reactive.LoadBalancerBeanPostProcessorAutoConfiguration' of type [org.springframework.cloud.client.loadbalancer.reactive.LoadBalancerBeanPostProcessorAutoConfiguration] is not eligible for getting processed by all BeanPostProcessors (for example: not eligible for auto-proxying)
2023-02-23 11:45:20.213  INFO 9372 --- [restartedMain] trationDelegate$BeanPostProcessorChecker : Bean 'org.springframework.cloud.client.loadbalancer.reactive.LoadBalancerBeanPostProcessorAutoConfiguration$ReactorDeferringLoadBalancerFilterConfig' of type [org.springframework.cloud.client.loadbalancer.reactive.LoadBalancerBeanPostProcessorAutoConfiguration$ReactorDeferringLoadBalancerFilterConfig] is not eligible for getting processed by all BeanPostProcessors (for example: not eligible for auto-proxying)
2023-02-23 11:45:20.215  INFO 9372 --- [restartedMain] trationDelegate$BeanPostProcessorChecker : Bean 'reactorDeferringLoadBalancerExchangeFilterFunction' of type [org.springframework.cloud.client.loadbalancer.reactive.DeferringLoadBalancerExchangeFilterFunction] is not eligible for getting processed by all BeanPostProcessors (for example: not eligible for auto-proxying)
2023-02-23 11:45:20.909  INFO 9372 --- [restartedMain] o.s.b.w.embedded.tomcat.TomcatWebServer  : Tomcat initialized with port(s): 8082 (http)
2023-02-23 11:45:20.926  INFO 9372 --- [restartedMain] o.apache.catalina.core.StandardService   : Starting service [Tomcat]
2023-02-23 11:45:20.926  INFO 9372 --- [restartedMain] org.apache.catalina.core.StandardEngine  : Starting Servlet engine: [Apache Tomcat/9.0.65]
2023-02-23 11:45:21.066  INFO 9372 --- [restartedMain] o.a.c.c.C.[Tomcat].[localhost].[/]       : Initializing Spring embedded WebApplicationContext
2023-02-23 11:45:21.066  INFO 9372 --- [restartedMain] w.s.c.ServletWebServerApplicationContext : Root WebApplicationContext: initialization completed in 4066 ms
2023-02-23 11:45:21.267  WARN 9372 --- [restartedMain] c.n.c.sources.URLConfigurationSource     : No URLs will be polled as dynamic configuration sources.
2023-02-23 11:45:21.268  INFO 9372 --- [restartedMain] c.n.c.sources.URLConfigurationSource     : To enable URLs as dynamic configuration sources, define System property archaius.configurationSource.additionalUrls or make config.properties available on classpath.
2023-02-23 11:45:21.290  INFO 9372 --- [restartedMain] c.netflix.config.DynamicPropertyFactory  : DynamicPropertyFactory is initialized with configuration sources: com.netflix.config.ConcurrentCompositeConfiguration@632b6fda
2023-02-23 11:45:21.560  INFO 9372 --- [restartedMain] o.hibernate.jpa.internal.util.LogHelper  : HHH000204: Processing PersistenceUnitInfo [name: default]
2023-02-23 11:45:21.631  INFO 9372 --- [restartedMain] org.hibernate.Version                    : HHH000412: Hibernate ORM core version 5.6.10.Final
2023-02-23 11:45:21.861  INFO 9372 --- [restartedMain] o.hibernate.annotations.common.Version   : HCANN000001: Hibernate Commons Annotations {5.1.2.Final}
2023-02-23 11:45:21.989  INFO 9372 --- [restartedMain] com.zaxxer.hikari.HikariDataSource       : HikariPool-1 - Starting...
2023-02-23 11:45:22.330  INFO 9372 --- [restartedMain] com.zaxxer.hikari.HikariDataSource       : HikariPool-1 - Start completed.
2023-02-23 11:45:22.353  INFO 9372 --- [restartedMain] org.hibernate.dialect.Dialect            : HHH000400: Using dialect: org.hibernate.dialect.MySQL5Dialect
2023-02-23 11:45:23.583  INFO 9372 --- [restartedMain] o.h.e.t.j.p.i.JtaPlatformInitiator       : HHH000490: Using JtaPlatform implementation: [org.hibernate.engine.transaction.jta.platform.internal.NoJtaPlatform]
2023-02-23 11:45:23.591  INFO 9372 --- [restartedMain] j.LocalContainerEntityManagerFactoryBean : Initialized JPA EntityManagerFactory for persistence unit 'default'
2023-02-23 11:45:24.365  WARN 9372 --- [restartedMain] JpaBaseConfiguration$JpaWebConfiguration : spring.jpa.open-in-view is enabled by default. Therefore, database queries may be performed during view rendering. Explicitly configure spring.jpa.open-in-view to disable this warning
2023-02-23 11:45:24.745  WARN 9372 --- [restartedMain] o.s.s.c.a.web.builders.WebSecurity       : You are asking Spring Security to ignore Ant [pattern='/api/**']. This is not recommended -- please use permitAll via HttpSecurity#authorizeHttpRequests instead.
2023-02-23 11:45:24.746  INFO 9372 --- [restartedMain] o.s.s.web.DefaultSecurityFilterChain     : Will not secure Ant [pattern='/api/**']
2023-02-23 11:45:24.747  WARN 9372 --- [restartedMain] o.s.s.c.a.web.builders.WebSecurity       : You are asking Spring Security to ignore Ant [pattern='/**', OPTIONS]. This is not recommended -- please use permitAll via HttpSecurity#authorizeHttpRequests instead.
2023-02-23 11:45:24.747  INFO 9372 --- [restartedMain] o.s.s.web.DefaultSecurityFilterChain     : Will not secure Ant [pattern='/**', OPTIONS]
2023-02-23 11:45:24.748  WARN 9372 --- [restartedMain] o.s.s.c.a.web.builders.WebSecurity       : You are asking Spring Security to ignore Ant [pattern='/**/*.{js,html,css}']. This is not recommended -- please use permitAll via HttpSecurity#authorizeHttpRequests instead.
2023-02-23 11:45:24.748  INFO 9372 --- [restartedMain] o.s.s.web.DefaultSecurityFilterChain     : Will not secure Ant [pattern='/**/*.{js,html,css}']
2023-02-23 11:45:24.785  INFO 9372 --- [restartedMain] o.s.s.web.DefaultSecurityFilterChain     : Will secure any request with [org.springframework.security.web.session.DisableEncodeUrlFilter@785b2a93, org.springframework.security.web.context.request.async.WebAsyncManagerIntegrationFilter@1f855fb9, org.springframework.security.web.context.SecurityContextPersistenceFilter@579b5757, org.springframework.security.web.header.HeaderWriterFilter@202052ed, org.springframework.security.web.authentication.logout.LogoutFilter@28738643, com.pws.admin.security.jwt.config.JwtFilter@2a62078b, org.springframework.security.web.savedrequest.RequestCacheAwareFilter@642ef978, org.springframework.security.web.servletapi.SecurityContextHolderAwareRequestFilter@71096fc7, org.springframework.security.web.authentication.AnonymousAuthenticationFilter@3d4b22d0, org.springframework.security.web.session.SessionManagementFilter@6fd3098c, org.springframework.security.web.access.ExceptionTranslationFilter@2fce50fd, org.springframework.security.web.access.intercept.FilterSecurityInterceptor@500cb4e1]
2023-02-23 11:45:24.836  WARN 9372 --- [restartedMain] c.n.c.sources.URLConfigurationSource     : No URLs will be polled as dynamic configuration sources.
2023-02-23 11:45:24.836  INFO 9372 --- [restartedMain] c.n.c.sources.URLConfigurationSource     : To enable URLs as dynamic configuration sources, define System property archaius.configurationSource.additionalUrls or make config.properties available on classpath.
2023-02-23 11:45:25.097  INFO 9372 --- [restartedMain] o.s.b.a.w.s.WelcomePageHandlerMapping    : Adding welcome page: class path resource [static/index.html]
2023-02-23 11:45:27.034  WARN 9372 --- [restartedMain] o.s.b.d.a.OptionalLiveReloadServer       : Unable to start LiveReload server
2023-02-23 11:45:27.142  INFO 9372 --- [restartedMain] DiscoveryClientOptionalArgsConfiguration : Eureka HTTP Client uses RestTemplate.
2023-02-23 11:45:27.266  WARN 9372 --- [restartedMain] iguration$LoadBalancerCaffeineWarnLogger : Spring Cloud LoadBalancer is currently working with the default cache. While this cache implementation is useful for development and tests, it's recommended to use Caffeine cache in production.You can switch to using Caffeine cache, by adding it and org.springframework.cache.caffeine.CaffeineCacheManager to the classpath.
2023-02-23 11:45:27.301  INFO 9372 --- [restartedMain] o.s.b.a.e.web.EndpointLinksResolver      : Exposing 1 endpoint(s) beneath base path '/actuator'
2023-02-23 11:45:27.357  INFO 9372 --- [restartedMain] o.s.c.n.eureka.InstanceInfoFactory       : Setting initial instance status as: STARTING
2023-02-23 11:45:27.523  INFO 9372 --- [restartedMain] com.netflix.discovery.DiscoveryClient    : Initializing Eureka in region us-east-1
2023-02-23 11:45:27.532  INFO 9372 --- [restartedMain] c.n.d.s.r.aws.ConfigClusterResolver      : Resolving eureka endpoints via configuration
2023-02-23 11:45:27.566  INFO 9372 --- [restartedMain] com.netflix.discovery.DiscoveryClient    : Disable delta property : false
2023-02-23 11:45:27.566  INFO 9372 --- [restartedMain] com.netflix.discovery.DiscoveryClient    : Single vip registry refresh property : null
2023-02-23 11:45:27.566  INFO 9372 --- [restartedMain] com.netflix.discovery.DiscoveryClient    : Force full registry fetch : false
2023-02-23 11:45:27.566  INFO 9372 --- [restartedMain] com.netflix.discovery.DiscoveryClient    : Application is null : false
2023-02-23 11:45:27.567  INFO 9372 --- [restartedMain] com.netflix.discovery.DiscoveryClient    : Registered Applications size is zero : true
2023-02-23 11:45:27.567  INFO 9372 --- [restartedMain] com.netflix.discovery.DiscoveryClient    : Application version is -1: true
2023-02-23 11:45:27.567  INFO 9372 --- [restartedMain] com.netflix.discovery.DiscoveryClient    : Getting all instance registry info from the eureka server
2023-02-23 11:45:28.018  INFO 9372 --- [restartedMain] com.netflix.discovery.DiscoveryClient    : The response status is 200
2023-02-23 11:45:28.022  INFO 9372 --- [restartedMain] com.netflix.discovery.DiscoveryClient    : Starting heartbeat executor: renew interval is: 30
2023-02-23 11:45:28.026  INFO 9372 --- [restartedMain] c.n.discovery.InstanceInfoReplicator     : InstanceInfoReplicator onDemand update allowed rate per min is 4
2023-02-23 11:45:28.033  INFO 9372 --- [restartedMain] com.netflix.discovery.DiscoveryClient    : Discovery Client initialized at timestamp 1677132928031 with initial instances count: 1
2023-02-23 11:45:28.038  INFO 9372 --- [restartedMain] o.s.c.n.e.s.EurekaServiceRegistry        : Registering application ADMIN-SERVICE with eureka with status UP
2023-02-23 11:45:28.040  INFO 9372 --- [restartedMain] com.netflix.discovery.DiscoveryClient    : Saw local status change event StatusChangeEvent [timestamp=1677132928040, current=UP, previous=STARTING]
2023-02-23 11:45:28.042  INFO 9372 --- [DiscoveryClient-InstanceInfoReplicator-0] com.netflix.discovery.DiscoveryClient    : DiscoveryClient_ADMIN-SERVICE/DESKTOP-CCRJIGP:admin-service:8082: registering service...
2023-02-23 11:45:28.084  INFO 9372 --- [restartedMain] o.s.b.w.embedded.tomcat.TomcatWebServer  : Tomcat started on port(s): 8082 (http) with context path ''
2023-02-23 11:45:28.086  INFO 9372 --- [restartedMain] .s.c.n.e.s.EurekaAutoServiceRegistration : Updating port to 8082
2023-02-23 11:45:28.119  INFO 9372 --- [DiscoveryClient-InstanceInfoReplicator-0] com.netflix.discovery.DiscoveryClient    : DiscoveryClient_ADMIN-SERVICE/DESKTOP-CCRJIGP:admin-service:8082 - registration status: 204
2023-02-23 11:45:28.262  INFO 9372 --- [restartedMain] c.pws.admin.PwsAdminServiceApplication   : Started PwsAdminServiceApplication in 12.215 seconds (JVM running for 13.521)
2023-02-23 11:46:40.560  INFO 9372 --- [http-nio-8082-exec-1] o.a.c.c.C.[Tomcat].[localhost].[/]       : Initializing Spring DispatcherServlet 'dispatcherServlet'
2023-02-23 11:46:40.560  INFO 9372 --- [http-nio-8082-exec-1] o.s.web.servlet.DispatcherServlet        : Initializing Servlet 'dispatcherServlet'
2023-02-23 11:46:40.562  INFO 9372 --- [http-nio-8082-exec-1] o.s.web.servlet.DispatcherServlet        : Completed initialization in 2 ms
2023-02-23 11:46:41.080  INFO 9372 --- [http-nio-8082-exec-2] o.springdoc.api.AbstractOpenApiResource  : Init duration for springdoc-openapi is: 397 ms
2023-02-23 11:50:27.575  INFO 9372 --- [AsyncResolver-bootstrap-executor-0] c.n.d.s.r.aws.ConfigClusterResolver      : Resolving eureka endpoints via configuration
2023-02-23 11:55:27.586  INFO 9372 --- [AsyncResolver-bootstrap-executor-0] c.n.d.s.r.aws.ConfigClusterResolver      : Resolving eureka endpoints via configuration
2023-02-23 12:00:27.601  INFO 9372 --- [AsyncResolver-bootstrap-executor-0] c.n.d.s.r.aws.ConfigClusterResolver      : Resolving eureka endpoints via configuration
